2025-10-21 09:07:37,934 [Worker-5: Loading available Gradle versions] INFO  o.e.b.c.i.u.g.PublishedGradleVersions - Gradle version information cache is not available. Remote download required.
2025-10-21 09:09:16,051 [Worker-7: Loading available Gradle versions] INFO  o.e.b.c.i.u.g.PublishedGradleVersions - Gradle version information cache is up-to-date. Trying to read.
2025-10-21 16:02:33,285 [Worker-6: Loading available Gradle versions] INFO  o.e.b.c.i.u.g.PublishedGradleVersions - Gradle version information cache is up-to-date. Trying to read.
2025-10-30 10:51:30,800 [Worker-7: Loading available Gradle versions] INFO  o.e.b.c.i.u.g.PublishedGradleVersions - Gradle version information cache is out-of-date. Trying to update.
2025-10-30 10:51:32,041 [Worker-1: Decoration Calculation] WARN  org.eclipse.jgit.util.FS_Win32 - Exception caught during execution of command '[bash, --login, -c, which git]' in 'C:\Users\hp', return code '1', error message '<3>WSL (1955 - Relay) ERROR: CreateProcessCommon:798: execvpe(/bin/bash) failed: No such file or directory
'
2025-10-30 11:03:29,183 [Worker-3: Loading available Gradle versions] INFO  o.e.b.c.i.u.g.PublishedGradleVersions - Gradle version information cache is up-to-date. Trying to read.
2025-10-30 11:03:30,471 [Worker-6: Decoration Calculation] WARN  org.eclipse.jgit.util.FS_Win32 - Exception caught during execution of command '[bash, --login, -c, which git]' in 'C:\Users\hp', return code '1', error message '<3>WSL (1958 - Relay) ERROR: CreateProcessCommon:798: execvpe(/bin/bash) failed: No such file or directory
'
2025-10-30 11:08:39,147 [Worker-8: Loading available Gradle versions] INFO  o.e.b.c.i.u.g.PublishedGradleVersions - Gradle version information cache is up-to-date. Trying to read.
2025-10-30 11:10:47,823 [Worker-32: Auto share git projects] WARN  org.eclipse.jgit.util.FS_Win32 - Exception caught during execution of command '[bash, --login, -c, which git]' in 'C:\Users\hp', return code '1', error message '<3>WSL (1990 - Relay) ERROR: CreateProcessCommon:798: execvpe(/bin/bash) failed: No such file or directory
'
2025-10-30 12:19:17,101 [Worker-0: Loading available Gradle versions] INFO  o.e.b.c.i.u.g.PublishedGradleVersions - Gradle version information cache is up-to-date. Trying to read.
2025-10-30 12:19:18,116 [Worker-1: Decoration Calculation] WARN  org.eclipse.jgit.util.FS_Win32 - Exception caught during execution of command '[bash, --login, -c, which git]' in 'C:\Users\hp', return code '1', error message '<3>WSL (2080 - Relay) ERROR: CreateProcessCommon:798: execvpe(/bin/bash) failed: No such file or directory
'
2025-10-31 12:23:32,550 [Worker-8: Loading available Gradle versions] INFO  o.e.b.c.i.u.g.PublishedGradleVersions - Gradle version information cache is out-of-date. Trying to update.
2025-10-31 12:23:39,842 [Worker-6: Decoration Calculation] WARN  org.eclipse.jgit.util.FS_Win32 - Exception caught during execution of command '[bash, --login, -c, which git]' in 'C:\Users\hp', return code '1', error message '<3>WSL (11 - Relay) ERROR: CreateProcessCommon:798: execvpe(/bin/bash) failed: No such file or directory
'
2025-10-31 12:25:41,944 [Worker-1: Loading available Gradle versions] INFO  o.e.b.c.i.u.g.PublishedGradleVersions - Gradle version information cache is up-to-date. Trying to read.
2025-10-31 12:25:45,459 [Worker-2: Decoration Calculation] WARN  org.eclipse.jgit.util.FS_Win32 - Exception caught during execution of command '[bash, --login, -c, which git]' in 'C:\Users\hp', return code '1', error message '<3>WSL (11 - Relay) ERROR: CreateProcessCommon:798: execvpe(/bin/bash) failed: No such file or directory
'
